2019-10-25 16:12:59 ERROR main com.nh.limit.common.runner.FebsStartedUpRunner  ____   __    _   _ 
2019-10-25 16:12:59 ERROR main com.nh.limit.common.runner.FebsStartedUpRunner | |_   / /\  | | | |
2019-10-25 16:12:59 ERROR main com.nh.limit.common.runner.FebsStartedUpRunner |_|   /_/--\ |_| |_|__
2019-10-25 16:12:59 ERROR main com.nh.limit.common.runner.FebsStartedUpRunner                         
2019-10-25 16:12:59 ERROR main com.nh.limit.common.runner.FebsStartedUpRunner FEBS启动失败，Could not get a resource from the pool
2019-10-25 16:12:59 ERROR main com.nh.limit.common.runner.FebsStartedUpRunner Redis连接异常，请检查Redis连接配置并确保Redis服务已启动
2019-10-25 16:13:15 ERROR main com.nh.limit.common.runner.FebsStartedUpRunner  ____   __    _   _ 
2019-10-25 16:13:15 ERROR main com.nh.limit.common.runner.FebsStartedUpRunner | |_   / /\  | | | |
2019-10-25 16:13:15 ERROR main com.nh.limit.common.runner.FebsStartedUpRunner |_|   /_/--\ |_| |_|__
2019-10-25 16:13:15 ERROR main com.nh.limit.common.runner.FebsStartedUpRunner                         
2019-10-25 16:13:15 ERROR main com.nh.limit.common.runner.FebsStartedUpRunner FEBS启动失败，Could not get a resource from the pool
2019-10-25 16:13:15 ERROR main com.nh.limit.common.runner.FebsStartedUpRunner Redis连接异常，请检查Redis连接配置并确保Redis服务已启动
2019-10-25 16:15:37 ERROR main com.nh.limit.common.runner.FebsStartedUpRunner  ____   __    _   _ 
2019-10-25 16:15:37 ERROR main com.nh.limit.common.runner.FebsStartedUpRunner | |_   / /\  | | | |
2019-10-25 16:15:37 ERROR main com.nh.limit.common.runner.FebsStartedUpRunner |_|   /_/--\ |_| |_|__
2019-10-25 16:15:37 ERROR main com.nh.limit.common.runner.FebsStartedUpRunner                         
2019-10-25 16:15:37 ERROR main com.nh.limit.common.runner.FebsStartedUpRunner FEBS启动失败，Could not get a resource from the pool
2019-10-25 16:15:37 ERROR main com.nh.limit.common.runner.FebsStartedUpRunner Redis连接异常，请检查Redis连接配置并确保Redis服务已启动
2019-10-25 16:15:58 ERROR main com.nh.limit.common.runner.FebsStartedUpRunner  ____   __    _   _ 
2019-10-25 16:15:58 ERROR main com.nh.limit.common.runner.FebsStartedUpRunner | |_   / /\  | | | |
2019-10-25 16:15:58 ERROR main com.nh.limit.common.runner.FebsStartedUpRunner |_|   /_/--\ |_| |_|__
2019-10-25 16:15:58 ERROR main com.nh.limit.common.runner.FebsStartedUpRunner                         
2019-10-25 16:15:58 ERROR main com.nh.limit.common.runner.FebsStartedUpRunner FEBS启动失败，Could not get a resource from the pool
2019-10-25 16:15:58 ERROR main com.nh.limit.common.runner.FebsStartedUpRunner Redis连接异常，请检查Redis连接配置并确保Redis服务已启动
2019-10-25 16:18:39 ERROR main com.nh.limit.common.runner.FebsStartedUpRunner  ____   __    _   _ 
2019-10-25 16:18:39 ERROR main com.nh.limit.common.runner.FebsStartedUpRunner | |_   / /\  | | | |
2019-10-25 16:18:39 ERROR main com.nh.limit.common.runner.FebsStartedUpRunner |_|   /_/--\ |_| |_|__
2019-10-25 16:18:39 ERROR main com.nh.limit.common.runner.FebsStartedUpRunner                         
2019-10-25 16:18:39 ERROR main com.nh.limit.common.runner.FebsStartedUpRunner FEBS启动失败，Could not get a resource from the pool
2019-10-25 16:18:39 ERROR main com.nh.limit.common.runner.FebsStartedUpRunner Redis连接异常，请检查Redis连接配置并确保Redis服务已启动
2019-10-25 16:27:57 ERROR http-nio-8080-exec-10 org.apache.catalina.core.ContainerBase.[Tomcat].[localhost].[/].[dispatcherServlet] Servlet.service() for servlet [dispatcherServlet] in context with path [] threw exception [Request processing failed; nested exception is com.nh.limit.common.exception.FebsException: 验证码错误！] with root cause
com.nh.limit.common.exception.FebsException: 验证码错误！
	at com.nh.limit.system.controller.LoginController.login(LoginController.java:44)
	at com.nh.limit.system.controller.LoginController$$FastClassBySpringCGLIB$$1d0af978.invoke(<generated>)
	at org.springframework.cglib.proxy.MethodProxy.invoke(MethodProxy.java:218)
	at org.springframework.aop.framework.CglibAopProxy$CglibMethodInvocation.invokeJoinpoint(CglibAopProxy.java:749)
	at org.springframework.aop.framework.ReflectiveMethodInvocation.proceed(ReflectiveMethodInvocation.java:163)
	at org.springframework.validation.beanvalidation.MethodValidationInterceptor.invoke(MethodValidationInterceptor.java:119)
	at org.springframework.aop.framework.ReflectiveMethodInvocation.proceed(ReflectiveMethodInvocation.java:186)
	at org.springframework.aop.framework.CglibAopProxy$DynamicAdvisedInterceptor.intercept(CglibAopProxy.java:688)
	at com.nh.limit.system.controller.LoginController$$EnhancerBySpringCGLIB$$f70440e0.login(<generated>)
	at sun.reflect.NativeMethodAccessorImpl.invoke0(Native Method)
	at sun.reflect.NativeMethodAccessorImpl.invoke(NativeMethodAccessorImpl.java:62)
	at sun.reflect.DelegatingMethodAccessorImpl.invoke(DelegatingMethodAccessorImpl.java:43)
	at java.lang.reflect.Method.invoke(Method.java:498)
	at org.springframework.web.method.support.InvocableHandlerMethod.doInvoke(InvocableHandlerMethod.java:190)
	at org.springframework.web.method.support.InvocableHandlerMethod.invokeForRequest(InvocableHandlerMethod.java:138)
	at org.springframework.web.servlet.mvc.method.annotation.ServletInvocableHandlerMethod.invokeAndHandle(ServletInvocableHandlerMethod.java:104)
	at org.springframework.web.servlet.mvc.method.annotation.RequestMappingHandlerAdapter.invokeHandlerMethod(RequestMappingHandlerAdapter.java:892)
	at org.springframework.web.servlet.mvc.method.annotation.RequestMappingHandlerAdapter.handleInternal(RequestMappingHandlerAdapter.java:797)
	at org.springframework.web.servlet.mvc.method.AbstractHandlerMethodAdapter.handle(AbstractHandlerMethodAdapter.java:87)
	at org.springframework.web.servlet.DispatcherServlet.doDispatch(DispatcherServlet.java:1039)
	at org.springframework.web.servlet.DispatcherServlet.doService(DispatcherServlet.java:942)
	at org.springframework.web.servlet.FrameworkServlet.processRequest(FrameworkServlet.java:1005)
	at org.springframework.web.servlet.FrameworkServlet.doPost(FrameworkServlet.java:908)
	at javax.servlet.http.HttpServlet.service(HttpServlet.java:660)
	at org.springframework.web.servlet.FrameworkServlet.service(FrameworkServlet.java:882)
	at javax.servlet.http.HttpServlet.service(HttpServlet.java:741)
	at org.apache.catalina.core.ApplicationFilterChain.internalDoFilter(ApplicationFilterChain.java:231)
	at org.apache.catalina.core.ApplicationFilterChain.doFilter(ApplicationFilterChain.java:166)
	at org.apache.tomcat.websocket.server.WsFilter.doFilter(WsFilter.java:53)
	at org.apache.catalina.core.ApplicationFilterChain.internalDoFilter(ApplicationFilterChain.java:193)
	at org.apache.catalina.core.ApplicationFilterChain.doFilter(ApplicationFilterChain.java:166)
	at org.apache.shiro.web.servlet.ProxiedFilterChain.doFilter(ProxiedFilterChain.java:61)
	at org.apache.shiro.web.servlet.AdviceFilter.executeChain(AdviceFilter.java:108)
	at org.apache.shiro.web.servlet.AdviceFilter.doFilterInternal(AdviceFilter.java:137)
	at org.apache.shiro.web.servlet.OncePerRequestFilter.doFilter(OncePerRequestFilter.java:125)
	at org.apache.shiro.web.servlet.ProxiedFilterChain.doFilter(ProxiedFilterChain.java:66)
	at org.apache.shiro.web.servlet.AbstractShiroFilter.executeChain(AbstractShiroFilter.java:449)
	at org.apache.shiro.web.servlet.AbstractShiroFilter$1.call(AbstractShiroFilter.java:365)
	at org.apache.shiro.subject.support.SubjectCallable.doCall(SubjectCallable.java:90)
	at org.apache.shiro.subject.support.SubjectCallable.call(SubjectCallable.java:83)
	at org.apache.shiro.subject.support.DelegatingSubject.execute(DelegatingSubject.java:387)
	at org.apache.shiro.web.servlet.AbstractShiroFilter.doFilterInternal(AbstractShiroFilter.java:362)
	at org.apache.shiro.web.servlet.OncePerRequestFilter.doFilter(OncePerRequestFilter.java:125)
	at org.apache.catalina.core.ApplicationFilterChain.internalDoFilter(ApplicationFilterChain.java:193)
	at org.apache.catalina.core.ApplicationFilterChain.doFilter(ApplicationFilterChain.java:166)
	at org.springframework.boot.actuate.web.trace.servlet.HttpTraceFilter.doFilterInternal(HttpTraceFilter.java:88)
	at org.springframework.web.filter.OncePerRequestFilter.doFilter(OncePerRequestFilter.java:118)
	at org.apache.catalina.core.ApplicationFilterChain.internalDoFilter(ApplicationFilterChain.java:193)
	at org.apache.catalina.core.ApplicationFilterChain.doFilter(ApplicationFilterChain.java:166)
	at org.springframework.web.filter.RequestContextFilter.doFilterInternal(RequestContextFilter.java:99)
	at org.springframework.web.filter.OncePerRequestFilter.doFilter(OncePerRequestFilter.java:118)
	at org.apache.catalina.core.ApplicationFilterChain.internalDoFilter(ApplicationFilterChain.java:193)
	at org.apache.catalina.core.ApplicationFilterChain.doFilter(ApplicationFilterChain.java:166)
	at org.springframework.web.filter.FormContentFilter.doFilterInternal(FormContentFilter.java:92)
	at org.springframework.web.filter.OncePerRequestFilter.doFilter(OncePerRequestFilter.java:118)
	at org.apache.catalina.core.ApplicationFilterChain.internalDoFilter(ApplicationFilterChain.java:193)
	at org.apache.catalina.core.ApplicationFilterChain.doFilter(ApplicationFilterChain.java:166)
	at org.springframework.web.filter.HiddenHttpMethodFilter.doFilterInternal(HiddenHttpMethodFilter.java:93)
	at org.springframework.web.filter.OncePerRequestFilter.doFilter(OncePerRequestFilter.java:118)
	at org.apache.catalina.core.ApplicationFilterChain.internalDoFilter(ApplicationFilterChain.java:193)
	at org.apache.catalina.core.ApplicationFilterChain.doFilter(ApplicationFilterChain.java:166)
	at org.springframework.boot.actuate.metrics.web.servlet.WebMvcMetricsFilter.filterAndRecordMetrics(WebMvcMetricsFilter.java:114)
	at org.springframework.boot.actuate.metrics.web.servlet.WebMvcMetricsFilter.doFilterInternal(WebMvcMetricsFilter.java:104)
	at org.springframework.web.filter.OncePerRequestFilter.doFilter(OncePerRequestFilter.java:118)
	at org.apache.catalina.core.ApplicationFilterChain.internalDoFilter(ApplicationFilterChain.java:193)
	at org.apache.catalina.core.ApplicationFilterChain.doFilter(ApplicationFilterChain.java:166)
	at org.springframework.web.filter.CharacterEncodingFilter.doFilterInternal(CharacterEncodingFilter.java:200)
	at org.springframework.web.filter.OncePerRequestFilter.doFilter(OncePerRequestFilter.java:118)
	at org.apache.catalina.core.ApplicationFilterChain.internalDoFilter(ApplicationFilterChain.java:193)
	at org.apache.catalina.core.ApplicationFilterChain.doFilter(ApplicationFilterChain.java:166)
	at org.apache.catalina.core.StandardWrapperValve.invoke(StandardWrapperValve.java:202)
	at org.apache.catalina.core.StandardContextValve.invoke(StandardContextValve.java:96)
	at org.apache.catalina.authenticator.AuthenticatorBase.invoke(AuthenticatorBase.java:526)
	at org.apache.catalina.core.StandardHostValve.invoke(StandardHostValve.java:139)
	at org.apache.catalina.valves.ErrorReportValve.invoke(ErrorReportValve.java:92)
	at org.apache.catalina.core.StandardEngineValve.invoke(StandardEngineValve.java:74)
	at org.apache.catalina.connector.CoyoteAdapter.service(CoyoteAdapter.java:343)
	at org.apache.coyote.http11.Http11Processor.service(Http11Processor.java:408)
	at org.apache.coyote.AbstractProcessorLight.process(AbstractProcessorLight.java:66)
	at org.apache.coyote.AbstractProtocol$ConnectionHandler.process(AbstractProtocol.java:860)
	at org.apache.tomcat.util.net.NioEndpoint$SocketProcessor.doRun(NioEndpoint.java:1587)
	at org.apache.tomcat.util.net.SocketProcessorBase.run(SocketProcessorBase.java:49)
	at java.util.concurrent.ThreadPoolExecutor.runWorker(ThreadPoolExecutor.java:1142)
	at java.util.concurrent.ThreadPoolExecutor$Worker.run(ThreadPoolExecutor.java:617)
	at org.apache.tomcat.util.threads.TaskThread$WrappingRunnable.run(TaskThread.java:61)
	at java.lang.Thread.run(Thread.java:745)
